I0929 09:08:23.648886 140577637082944 diff.py:33] 2019-09-23
E0929 09:08:23.649115 140577637082944 diff.py:34] 128056 not filtered by not selected by mine (误差)
I0929 09:08:23.649556 140577637082944 diff.py:40] 2019-09-23
E0929 09:08:23.649718 140577637082944 diff.py:41] 113534.XSHG in top 20 but not selected by theirs
I0929 09:08:23.652136 140577637082944 diff.py:33] 2019-09-30
E0929 09:08:23.652250 140577637082944 diff.py:34] 123018 not filtered by not selected by mine (误差)
I0929 09:08:23.652632 140577637082944 diff.py:40] 2019-09-30
E0929 09:08:23.652752 140577637082944 diff.py:41] 113534.XSHG in top 20 but not selected by theirs
I0929 09:08:23.655057 140577637082944 diff.py:33] 2019-10-08
E0929 09:08:23.655164 140577637082944 diff.py:34] 128038 not filtered by not selected by mine (误差)
I0929 09:08:23.655602 140577637082944 diff.py:40] 2019-10-08
E0929 09:08:23.655711 140577637082944 diff.py:41] 113534.XSHG in top 20 but not selected by theirs
I0929 09:08:23.657963 140577637082944 diff.py:33] 2019-10-14
E0929 09:08:23.658068 140577637082944 diff.py:34] 113514 not filtered by not selected by mine
I0929 09:08:23.658439 140577637082944 diff.py:40] 2019-10-14
E0929 09:08:23.658560 140577637082944 diff.py:41] 113534.XSHG in top 20 but not selected by theirs
I0929 09:08:23.760420 140577637082944 diff.py:33] 2020-08-10
E0929 09:08:23.760643 140577637082944 diff.py:34] 127007 not filtered by not selected by mine (误差)
I0929 09:08:23.761274 140577637082944 diff.py:40] 2020-08-10
E0929 09:08:23.761475 140577637082944 diff.py:41] 128012.XSHE in top 20 but not selected by theirs (2020-04-29之后再无成交量)
I0929 09:08:23.810384 140577637082944 diff.py:40] 2020-10-19
E0929 09:08:23.810599 140577637082944 diff.py:41] 128012.XSHE in top 20 but not selected by theirs
I0929 09:08:23.813109 140577637082944 diff.py:40] 2020-10-26
E0929 09:08:23.813281 140577637082944 diff.py:41] 128012.XSHE in top 20 but not selected by theirs
I0929 09:08:23.842221 140577637082944 diff.py:33] 2021-01-18
E0929 09:08:23.842388 140577637082944 diff.py:34] 128066 not filtered by not selected by mine
I0929 09:08:23.842779 140577637082944 diff.py:40] 2021-01-18
E0929 09:08:23.842940 140577637082944 diff.py:41] 113008.XSHG in top 20 but not selected by theirs (到期赎回，需要处理)
